[2023-02-17 08:34:50,119] {taskinstance.py:851} INFO - Dependencies all met for <TaskInstance: example_branch_dop_operator_v3.condition 2023-02-15T00:37:00+00:00 [queued]>
[2023-02-17 08:34:50,184] {taskinstance.py:851} INFO - Dependencies all met for <TaskInstance: example_branch_dop_operator_v3.condition 2023-02-15T00:37:00+00:00 [queued]>
[2023-02-17 08:34:50,185] {taskinstance.py:1042} INFO - 
--------------------------------------------------------------------------------
[2023-02-17 08:34:50,186] {taskinstance.py:1043} INFO - Starting attempt 1 of 1
[2023-02-17 08:34:50,186] {taskinstance.py:1044} INFO - 
--------------------------------------------------------------------------------
[2023-02-17 08:34:50,201] {taskinstance.py:1063} INFO - Executing <Task(BranchPythonOperator): condition> on 2023-02-15T00:37:00+00:00
[2023-02-17 08:34:50,206] {standard_task_runner.py:52} INFO - Started process 1957 to run task
[2023-02-17 08:34:50,213] {standard_task_runner.py:76} INFO - Running: ['airflow', 'tasks', 'run', 'example_branch_dop_operator_v3', 'condition', '2023-02-15T00:37:00+00:00', '--job-id', '64', '--pool', 'default_pool', '--raw', '--subdir', '/home/airflow/.local/lib/python3.6/site-packages/airflow/example_dags/example_branch_python_dop_operator_3.py', '--cfg-path', '/tmp/tmp8raq2usg', '--error-file', '/tmp/tmpiy1y85f5']
[2023-02-17 08:34:50,217] {standard_task_runner.py:77} INFO - Job 64: Subtask condition
[2023-02-17 08:34:50,290] {logging_mixin.py:104} INFO - Running <TaskInstance: example_branch_dop_operator_v3.condition 2023-02-15T00:37:00+00:00 [running]> on host a39de0034eff
[2023-02-17 08:34:50,406] {taskinstance.py:1257} INFO - Exporting the following env vars:
AIRFLOW_CTX_DAG_OWNER=airflow
AIRFLOW_CTX_DAG_ID=example_branch_dop_operator_v3
AIRFLOW_CTX_TASK_ID=condition
AIRFLOW_CTX_EXECUTION_DATE=2023-02-15T00:37:00+00:00
AIRFLOW_CTX_DAG_RUN_ID=scheduled__2023-02-15T00:37:00+00:00
[2023-02-17 08:34:50,409] {logging_mixin.py:104} INFO - ------------- exec dttm = 2023-02-15T00:37:00+00:00 and minute = 37
[2023-02-17 08:34:50,410] {python.py:118} INFO - Done. Returned value was: dummy_task_2
[2023-02-17 08:34:50,411] {skipmixin.py:124} INFO - Following branch dummy_task_2
[2023-02-17 08:34:50,475] {skipmixin.py:155} INFO - Skipping tasks ['dummy_task_1']
[2023-02-17 08:34:50,575] {taskinstance.py:1166} INFO - Marking task as SUCCESS. dag_id=example_branch_dop_operator_v3, task_id=condition, execution_date=20230215T003700, start_date=20230217T083450, end_date=20230217T083450
[2023-02-17 08:34:51,097] {taskinstance.py:1220} INFO - 0 downstream tasks scheduled from follow-on schedule check
[2023-02-17 08:34:51,139] {local_task_job.py:146} INFO - Task exited with return code 0
