[2023-02-17 08:34:43,670] {taskinstance.py:851} INFO - Dependencies all met for <TaskInstance: example_bash_operator.run_after_loop 2023-02-15T00:00:00+00:00 [queued]>
[2023-02-17 08:34:43,710] {taskinstance.py:851} INFO - Dependencies all met for <TaskInstance: example_bash_operator.run_after_loop 2023-02-15T00:00:00+00:00 [queued]>
[2023-02-17 08:34:43,710] {taskinstance.py:1042} INFO - 
--------------------------------------------------------------------------------
[2023-02-17 08:34:43,711] {taskinstance.py:1043} INFO - Starting attempt 1 of 1
[2023-02-17 08:34:43,712] {taskinstance.py:1044} INFO - 
--------------------------------------------------------------------------------
[2023-02-17 08:34:43,731] {taskinstance.py:1063} INFO - Executing <Task(BashOperator): run_after_loop> on 2023-02-15T00:00:00+00:00
[2023-02-17 08:34:43,736] {standard_task_runner.py:52} INFO - Started process 1947 to run task
[2023-02-17 08:34:43,742] {standard_task_runner.py:76} INFO - Running: ['airflow', 'tasks', 'run', 'example_bash_operator', 'run_after_loop', '2023-02-15T00:00:00+00:00', '--job-id', '60', '--pool', 'default_pool', '--raw', '--subdir', '/home/airflow/.local/lib/python3.6/site-packages/airflow/example_dags/example_bash_operator.py', '--cfg-path', '/tmp/tmpw_8x9owf', '--error-file', '/tmp/tmpih8vtiou']
[2023-02-17 08:34:43,746] {standard_task_runner.py:77} INFO - Job 60: Subtask run_after_loop
[2023-02-17 08:34:43,835] {logging_mixin.py:104} INFO - Running <TaskInstance: example_bash_operator.run_after_loop 2023-02-15T00:00:00+00:00 [running]> on host a39de0034eff
[2023-02-17 08:34:43,909] {taskinstance.py:1257} INFO - Exporting the following env vars:
AIRFLOW_CTX_DAG_OWNER=airflow
AIRFLOW_CTX_DAG_ID=example_bash_operator
AIRFLOW_CTX_TASK_ID=run_after_loop
AIRFLOW_CTX_EXECUTION_DATE=2023-02-15T00:00:00+00:00
AIRFLOW_CTX_DAG_RUN_ID=scheduled__2023-02-15T00:00:00+00:00
[2023-02-17 08:34:43,911] {bash.py:135} INFO - Tmp dir root location: 
 /tmp
[2023-02-17 08:34:43,913] {bash.py:158} INFO - Running command: echo 1
[2023-02-17 08:34:43,939] {bash.py:169} INFO - Output:
[2023-02-17 08:34:43,941] {bash.py:173} INFO - 1
[2023-02-17 08:34:43,943] {bash.py:177} INFO - Command exited with return code 0
[2023-02-17 08:34:44,001] {taskinstance.py:1166} INFO - Marking task as SUCCESS. dag_id=example_bash_operator, task_id=run_after_loop, execution_date=20230215T000000, start_date=20230217T083443, end_date=20230217T083444
[2023-02-17 08:34:44,618] {taskinstance.py:1220} INFO - 1 downstream tasks scheduled from follow-on schedule check
[2023-02-17 08:34:44,638] {local_task_job.py:146} INFO - Task exited with return code 0
