[2023-02-18 07:51:54,385] {taskinstance.py:851} INFO - Dependencies all met for <TaskInstance: Our_dag_with_python_operator_v5.greet 2021-07-23T00:00:00+00:00 [queued]>
[2023-02-18 07:51:54,428] {taskinstance.py:851} INFO - Dependencies all met for <TaskInstance: Our_dag_with_python_operator_v5.greet 2021-07-23T00:00:00+00:00 [queued]>
[2023-02-18 07:51:54,429] {taskinstance.py:1042} INFO - 
--------------------------------------------------------------------------------
[2023-02-18 07:51:54,430] {taskinstance.py:1043} INFO - Starting attempt 1 of 6
[2023-02-18 07:51:54,431] {taskinstance.py:1044} INFO - 
--------------------------------------------------------------------------------
[2023-02-18 07:51:54,451] {taskinstance.py:1063} INFO - Executing <Task(PythonOperator): greet> on 2021-07-23T00:00:00+00:00
[2023-02-18 07:51:54,456] {standard_task_runner.py:52} INFO - Started process 3532 to run task
[2023-02-18 07:51:54,463] {standard_task_runner.py:76} INFO - Running: ['airflow', 'tasks', 'run', 'Our_dag_with_python_operator_v5', 'greet', '2021-07-23T00:00:00+00:00', '--job-id', '7545', '--pool', 'default_pool', '--raw', '--subdir', 'DAGS_FOLDER/create_with_python_operator.py', '--cfg-path', '/tmp/tmpjb247de4', '--error-file', '/tmp/tmpl3xuda05']
[2023-02-18 07:51:54,469] {standard_task_runner.py:77} INFO - Job 7545: Subtask greet
[2023-02-18 07:51:54,542] {logging_mixin.py:104} INFO - Running <TaskInstance: Our_dag_with_python_operator_v5.greet 2021-07-23T00:00:00+00:00 [running]> on host 0f019e8bb5cf
[2023-02-18 07:51:54,610] {taskinstance.py:1257} INFO - Exporting the following env vars:
AIRFLOW_CTX_DAG_OWNER=saint
AIRFLOW_CTX_DAG_ID=Our_dag_with_python_operator_v5
AIRFLOW_CTX_TASK_ID=greet
AIRFLOW_CTX_EXECUTION_DATE=2021-07-23T00:00:00+00:00
AIRFLOW_CTX_DAG_RUN_ID=scheduled__2021-07-23T00:00:00+00:00
[2023-02-18 07:51:54,622] {logging_mixin.py:104} INFO - hello airflow, my name is Jerry,and I am 22 years old!
[2023-02-18 07:51:54,623] {python.py:118} INFO - Done. Returned value was: None
[2023-02-18 07:51:54,640] {taskinstance.py:1166} INFO - Marking task as SUCCESS. dag_id=Our_dag_with_python_operator_v5, task_id=greet, execution_date=20210723T000000, start_date=20230218T075154, end_date=20230218T075154
[2023-02-18 07:51:54,690] {taskinstance.py:1220} INFO - 0 downstream tasks scheduled from follow-on schedule check
[2023-02-18 07:51:54,713] {local_task_job.py:146} INFO - Task exited with return code 0
