[2023-02-17 08:33:23,199] {taskinstance.py:851} INFO - Dependencies all met for <TaskInstance: example_branch_dop_operator_v3.condition 2023-02-15T00:04:00+00:00 [queued]>
[2023-02-17 08:33:23,296] {taskinstance.py:851} INFO - Dependencies all met for <TaskInstance: example_branch_dop_operator_v3.condition 2023-02-15T00:04:00+00:00 [queued]>
[2023-02-17 08:33:23,297] {taskinstance.py:1042} INFO - 
--------------------------------------------------------------------------------
[2023-02-17 08:33:23,297] {taskinstance.py:1043} INFO - Starting attempt 1 of 1
[2023-02-17 08:33:23,298] {taskinstance.py:1044} INFO - 
--------------------------------------------------------------------------------
[2023-02-17 08:33:23,318] {taskinstance.py:1063} INFO - Executing <Task(BranchPythonOperator): condition> on 2023-02-15T00:04:00+00:00
[2023-02-17 08:33:23,325] {standard_task_runner.py:52} INFO - Started process 1471 to run task
[2023-02-17 08:33:23,334] {standard_task_runner.py:76} INFO - Running: ['airflow', 'tasks', 'run', 'example_branch_dop_operator_v3', 'condition', '2023-02-15T00:04:00+00:00', '--job-id', '21', '--pool', 'default_pool', '--raw', '--subdir', '/home/airflow/.local/lib/python3.6/site-packages/airflow/example_dags/example_branch_python_dop_operator_3.py', '--cfg-path', '/tmp/tmpdw6p_ws2', '--error-file', '/tmp/tmpmeywzclg']
[2023-02-17 08:33:23,341] {standard_task_runner.py:77} INFO - Job 21: Subtask condition
[2023-02-17 08:33:23,467] {logging_mixin.py:104} INFO - Running <TaskInstance: example_branch_dop_operator_v3.condition 2023-02-15T00:04:00+00:00 [running]> on host a39de0034eff
[2023-02-17 08:33:23,550] {taskinstance.py:1257} INFO - Exporting the following env vars:
AIRFLOW_CTX_DAG_OWNER=airflow
AIRFLOW_CTX_DAG_ID=example_branch_dop_operator_v3
AIRFLOW_CTX_TASK_ID=condition
AIRFLOW_CTX_EXECUTION_DATE=2023-02-15T00:04:00+00:00
AIRFLOW_CTX_DAG_RUN_ID=scheduled__2023-02-15T00:04:00+00:00
[2023-02-17 08:33:23,553] {logging_mixin.py:104} INFO - ------------- exec dttm = 2023-02-15T00:04:00+00:00 and minute = 4
[2023-02-17 08:33:23,553] {python.py:118} INFO - Done. Returned value was: dummy_task_1
[2023-02-17 08:33:23,554] {skipmixin.py:124} INFO - Following branch dummy_task_1
[2023-02-17 08:33:23,568] {skipmixin.py:155} INFO - Skipping tasks ['dummy_task_2']
[2023-02-17 08:33:23,642] {taskinstance.py:1166} INFO - Marking task as SUCCESS. dag_id=example_branch_dop_operator_v3, task_id=condition, execution_date=20230215T000400, start_date=20230217T083323, end_date=20230217T083323
[2023-02-17 08:33:23,722] {taskinstance.py:1220} INFO - 1 downstream tasks scheduled from follow-on schedule check
[2023-02-17 08:33:23,745] {local_task_job.py:146} INFO - Task exited with return code 0
