[2023-02-18 07:52:53,776] {taskinstance.py:851} INFO - Dependencies all met for <TaskInstance: Our_dag_with_python_operator_v5.get_name 2021-07-30T00:00:00+00:00 [queued]>
[2023-02-18 07:52:53,809] {taskinstance.py:851} INFO - Dependencies all met for <TaskInstance: Our_dag_with_python_operator_v5.get_name 2021-07-30T00:00:00+00:00 [queued]>
[2023-02-18 07:52:53,810] {taskinstance.py:1042} INFO - 
--------------------------------------------------------------------------------
[2023-02-18 07:52:53,810] {taskinstance.py:1043} INFO - Starting attempt 1 of 6
[2023-02-18 07:52:53,811] {taskinstance.py:1044} INFO - 
--------------------------------------------------------------------------------
[2023-02-18 07:52:53,829] {taskinstance.py:1063} INFO - Executing <Task(PythonOperator): get_name> on 2021-07-30T00:00:00+00:00
[2023-02-18 07:52:53,835] {standard_task_runner.py:52} INFO - Started process 3572 to run task
[2023-02-18 07:52:53,843] {standard_task_runner.py:76} INFO - Running: ['airflow', 'tasks', 'run', 'Our_dag_with_python_operator_v5', 'get_name', '2021-07-30T00:00:00+00:00', '--job-id', '7554', '--pool', 'default_pool', '--raw', '--subdir', 'DAGS_FOLDER/create_with_python_operator.py', '--cfg-path', '/tmp/tmptvb8fiqj', '--error-file', '/tmp/tmp5v1xaci6']
[2023-02-18 07:52:53,849] {standard_task_runner.py:77} INFO - Job 7554: Subtask get_name
[2023-02-18 07:52:53,961] {logging_mixin.py:104} INFO - Running <TaskInstance: Our_dag_with_python_operator_v5.get_name 2021-07-30T00:00:00+00:00 [running]> on host 0f019e8bb5cf
[2023-02-18 07:52:54,070] {taskinstance.py:1257} INFO - Exporting the following env vars:
AIRFLOW_CTX_DAG_OWNER=saint
AIRFLOW_CTX_DAG_ID=Our_dag_with_python_operator_v5
AIRFLOW_CTX_TASK_ID=get_name
AIRFLOW_CTX_EXECUTION_DATE=2021-07-30T00:00:00+00:00
AIRFLOW_CTX_DAG_RUN_ID=scheduled__2021-07-30T00:00:00+00:00
[2023-02-18 07:52:54,072] {python.py:118} INFO - Done. Returned value was: Jerry
[2023-02-18 07:52:54,140] {taskinstance.py:1166} INFO - Marking task as SUCCESS. dag_id=Our_dag_with_python_operator_v5, task_id=get_name, execution_date=20210730T000000, start_date=20230218T075253, end_date=20230218T075254
[2023-02-18 07:52:54,249] {taskinstance.py:1220} INFO - 1 downstream tasks scheduled from follow-on schedule check
[2023-02-18 07:52:54,264] {local_task_job.py:146} INFO - Task exited with return code 0
