[2023-02-18 07:53:24,393] {taskinstance.py:851} INFO - Dependencies all met for <TaskInstance: Our_dag_with_python_operator_v5.greet 2021-08-01T00:00:00+00:00 [queued]>
[2023-02-18 07:53:24,456] {taskinstance.py:851} INFO - Dependencies all met for <TaskInstance: Our_dag_with_python_operator_v5.greet 2021-08-01T00:00:00+00:00 [queued]>
[2023-02-18 07:53:24,458] {taskinstance.py:1042} INFO - 
--------------------------------------------------------------------------------
[2023-02-18 07:53:24,460] {taskinstance.py:1043} INFO - Starting attempt 1 of 6
[2023-02-18 07:53:24,461] {taskinstance.py:1044} INFO - 
--------------------------------------------------------------------------------
[2023-02-18 07:53:24,519] {taskinstance.py:1063} INFO - Executing <Task(PythonOperator): greet> on 2021-08-01T00:00:00+00:00
[2023-02-18 07:53:24,539] {standard_task_runner.py:52} INFO - Started process 3597 to run task
[2023-02-18 07:53:24,576] {standard_task_runner.py:76} INFO - Running: ['airflow', 'tasks', 'run', 'Our_dag_with_python_operator_v5', 'greet', '2021-08-01T00:00:00+00:00', '--job-id', '7562', '--pool', 'default_pool', '--raw', '--subdir', 'DAGS_FOLDER/create_with_python_operator.py', '--cfg-path', '/tmp/tmpynccwyam', '--error-file', '/tmp/tmp8_4sl8g2']
[2023-02-18 07:53:24,612] {standard_task_runner.py:77} INFO - Job 7562: Subtask greet
[2023-02-18 07:53:24,751] {logging_mixin.py:104} INFO - Running <TaskInstance: Our_dag_with_python_operator_v5.greet 2021-08-01T00:00:00+00:00 [running]> on host 0f019e8bb5cf
[2023-02-18 07:53:24,833] {taskinstance.py:1257} INFO - Exporting the following env vars:
AIRFLOW_CTX_DAG_OWNER=saint
AIRFLOW_CTX_DAG_ID=Our_dag_with_python_operator_v5
AIRFLOW_CTX_TASK_ID=greet
AIRFLOW_CTX_EXECUTION_DATE=2021-08-01T00:00:00+00:00
AIRFLOW_CTX_DAG_RUN_ID=scheduled__2021-08-01T00:00:00+00:00
[2023-02-18 07:53:24,847] {logging_mixin.py:104} INFO - hello airflow, my name is Jerry,and I am 22 years old!
[2023-02-18 07:53:24,847] {python.py:118} INFO - Done. Returned value was: None
[2023-02-18 07:53:24,867] {taskinstance.py:1166} INFO - Marking task as SUCCESS. dag_id=Our_dag_with_python_operator_v5, task_id=greet, execution_date=20210801T000000, start_date=20230218T075324, end_date=20230218T075324
[2023-02-18 07:53:24,915] {taskinstance.py:1220} INFO - 0 downstream tasks scheduled from follow-on schedule check
[2023-02-18 07:53:24,934] {local_task_job.py:146} INFO - Task exited with return code 0
