[2023-02-17 08:35:01,003] {taskinstance.py:851} INFO - Dependencies all met for <TaskInstance: example_branch_dop_operator_v3.condition 2023-02-15T00:43:00+00:00 [queued]>
[2023-02-17 08:35:01,069] {taskinstance.py:851} INFO - Dependencies all met for <TaskInstance: example_branch_dop_operator_v3.condition 2023-02-15T00:43:00+00:00 [queued]>
[2023-02-17 08:35:01,070] {taskinstance.py:1042} INFO - 
--------------------------------------------------------------------------------
[2023-02-17 08:35:01,071] {taskinstance.py:1043} INFO - Starting attempt 1 of 1
[2023-02-17 08:35:01,071] {taskinstance.py:1044} INFO - 
--------------------------------------------------------------------------------
[2023-02-17 08:35:01,088] {taskinstance.py:1063} INFO - Executing <Task(BranchPythonOperator): condition> on 2023-02-15T00:43:00+00:00
[2023-02-17 08:35:01,093] {standard_task_runner.py:52} INFO - Started process 1969 to run task
[2023-02-17 08:35:01,100] {standard_task_runner.py:76} INFO - Running: ['airflow', 'tasks', 'run', 'example_branch_dop_operator_v3', 'condition', '2023-02-15T00:43:00+00:00', '--job-id', '70', '--pool', 'default_pool', '--raw', '--subdir', '/home/airflow/.local/lib/python3.6/site-packages/airflow/example_dags/example_branch_python_dop_operator_3.py', '--cfg-path', '/tmp/tmpr1qua3o8', '--error-file', '/tmp/tmp4ztqxkqk']
[2023-02-17 08:35:01,104] {standard_task_runner.py:77} INFO - Job 70: Subtask condition
[2023-02-17 08:35:01,207] {logging_mixin.py:104} INFO - Running <TaskInstance: example_branch_dop_operator_v3.condition 2023-02-15T00:43:00+00:00 [running]> on host a39de0034eff
[2023-02-17 08:35:01,290] {taskinstance.py:1257} INFO - Exporting the following env vars:
AIRFLOW_CTX_DAG_OWNER=airflow
AIRFLOW_CTX_DAG_ID=example_branch_dop_operator_v3
AIRFLOW_CTX_TASK_ID=condition
AIRFLOW_CTX_EXECUTION_DATE=2023-02-15T00:43:00+00:00
AIRFLOW_CTX_DAG_RUN_ID=scheduled__2023-02-15T00:43:00+00:00
[2023-02-17 08:35:01,292] {logging_mixin.py:104} INFO - ------------- exec dttm = 2023-02-15T00:43:00+00:00 and minute = 43
[2023-02-17 08:35:01,293] {python.py:118} INFO - Done. Returned value was: dummy_task_2
[2023-02-17 08:35:01,293] {skipmixin.py:124} INFO - Following branch dummy_task_2
[2023-02-17 08:35:01,310] {skipmixin.py:155} INFO - Skipping tasks ['dummy_task_1']
[2023-02-17 08:35:01,409] {taskinstance.py:1166} INFO - Marking task as SUCCESS. dag_id=example_branch_dop_operator_v3, task_id=condition, execution_date=20230215T004300, start_date=20230217T083501, end_date=20230217T083501
[2023-02-17 08:35:02,038] {taskinstance.py:1220} INFO - 0 downstream tasks scheduled from follow-on schedule check
[2023-02-17 08:35:02,074] {local_task_job.py:146} INFO - Task exited with return code 0
