[2023-02-18 07:51:46,898] {taskinstance.py:851} INFO - Dependencies all met for <TaskInstance: Our_dag_with_python_operator_v5.greet 2021-07-21T00:00:00+00:00 [queued]>
[2023-02-18 07:51:46,933] {taskinstance.py:851} INFO - Dependencies all met for <TaskInstance: Our_dag_with_python_operator_v5.greet 2021-07-21T00:00:00+00:00 [queued]>
[2023-02-18 07:51:46,934] {taskinstance.py:1042} INFO - 
--------------------------------------------------------------------------------
[2023-02-18 07:51:46,935] {taskinstance.py:1043} INFO - Starting attempt 1 of 6
[2023-02-18 07:51:46,935] {taskinstance.py:1044} INFO - 
--------------------------------------------------------------------------------
[2023-02-18 07:51:46,956] {taskinstance.py:1063} INFO - Executing <Task(PythonOperator): greet> on 2021-07-21T00:00:00+00:00
[2023-02-18 07:51:46,961] {standard_task_runner.py:52} INFO - Started process 3516 to run task
[2023-02-18 07:51:46,966] {standard_task_runner.py:76} INFO - Running: ['airflow', 'tasks', 'run', 'Our_dag_with_python_operator_v5', 'greet', '2021-07-21T00:00:00+00:00', '--job-id', '7539', '--pool', 'default_pool', '--raw', '--subdir', 'DAGS_FOLDER/create_with_python_operator.py', '--cfg-path', '/tmp/tmpwxacs5rp', '--error-file', '/tmp/tmpr3667mvn']
[2023-02-18 07:51:46,973] {standard_task_runner.py:77} INFO - Job 7539: Subtask greet
[2023-02-18 07:51:47,062] {logging_mixin.py:104} INFO - Running <TaskInstance: Our_dag_with_python_operator_v5.greet 2021-07-21T00:00:00+00:00 [running]> on host 0f019e8bb5cf
[2023-02-18 07:51:47,146] {taskinstance.py:1257} INFO - Exporting the following env vars:
AIRFLOW_CTX_DAG_OWNER=saint
AIRFLOW_CTX_DAG_ID=Our_dag_with_python_operator_v5
AIRFLOW_CTX_TASK_ID=greet
AIRFLOW_CTX_EXECUTION_DATE=2021-07-21T00:00:00+00:00
AIRFLOW_CTX_DAG_RUN_ID=scheduled__2021-07-21T00:00:00+00:00
[2023-02-18 07:51:47,163] {logging_mixin.py:104} INFO - hello airflow, my name is Jerry,and I am 22 years old!
[2023-02-18 07:51:47,164] {python.py:118} INFO - Done. Returned value was: None
[2023-02-18 07:51:47,188] {taskinstance.py:1166} INFO - Marking task as SUCCESS. dag_id=Our_dag_with_python_operator_v5, task_id=greet, execution_date=20210721T000000, start_date=20230218T075146, end_date=20230218T075147
[2023-02-18 07:51:47,233] {taskinstance.py:1220} INFO - 0 downstream tasks scheduled from follow-on schedule check
[2023-02-18 07:51:47,258] {local_task_job.py:146} INFO - Task exited with return code 0
