[2023-02-17 08:33:40,889] {taskinstance.py:851} INFO - Dependencies all met for <TaskInstance: example_branch_dop_operator_v3.condition 2023-02-15T00:09:00+00:00 [queued]>
[2023-02-17 08:33:40,946] {taskinstance.py:851} INFO - Dependencies all met for <TaskInstance: example_branch_dop_operator_v3.condition 2023-02-15T00:09:00+00:00 [queued]>
[2023-02-17 08:33:40,947] {taskinstance.py:1042} INFO - 
--------------------------------------------------------------------------------
[2023-02-17 08:33:40,947] {taskinstance.py:1043} INFO - Starting attempt 1 of 1
[2023-02-17 08:33:40,948] {taskinstance.py:1044} INFO - 
--------------------------------------------------------------------------------
[2023-02-17 08:33:40,965] {taskinstance.py:1063} INFO - Executing <Task(BranchPythonOperator): condition> on 2023-02-15T00:09:00+00:00
[2023-02-17 08:33:40,971] {standard_task_runner.py:52} INFO - Started process 1611 to run task
[2023-02-17 08:33:40,979] {standard_task_runner.py:76} INFO - Running: ['airflow', 'tasks', 'run', 'example_branch_dop_operator_v3', 'condition', '2023-02-15T00:09:00+00:00', '--job-id', '26', '--pool', 'default_pool', '--raw', '--subdir', '/home/airflow/.local/lib/python3.6/site-packages/airflow/example_dags/example_branch_python_dop_operator_3.py', '--cfg-path', '/tmp/tmpgm5al3zb', '--error-file', '/tmp/tmpj75c6zaq']
[2023-02-17 08:33:40,984] {standard_task_runner.py:77} INFO - Job 26: Subtask condition
[2023-02-17 08:33:41,104] {logging_mixin.py:104} INFO - Running <TaskInstance: example_branch_dop_operator_v3.condition 2023-02-15T00:09:00+00:00 [running]> on host a39de0034eff
[2023-02-17 08:33:41,199] {taskinstance.py:1257} INFO - Exporting the following env vars:
AIRFLOW_CTX_DAG_OWNER=airflow
AIRFLOW_CTX_DAG_ID=example_branch_dop_operator_v3
AIRFLOW_CTX_TASK_ID=condition
AIRFLOW_CTX_EXECUTION_DATE=2023-02-15T00:09:00+00:00
AIRFLOW_CTX_DAG_RUN_ID=scheduled__2023-02-15T00:09:00+00:00
[2023-02-17 08:33:41,201] {logging_mixin.py:104} INFO - ------------- exec dttm = 2023-02-15T00:09:00+00:00 and minute = 9
[2023-02-17 08:33:41,202] {python.py:118} INFO - Done. Returned value was: dummy_task_2
[2023-02-17 08:33:41,203] {skipmixin.py:124} INFO - Following branch dummy_task_2
[2023-02-17 08:33:41,216] {skipmixin.py:155} INFO - Skipping tasks ['dummy_task_1']
[2023-02-17 08:33:41,301] {taskinstance.py:1166} INFO - Marking task as SUCCESS. dag_id=example_branch_dop_operator_v3, task_id=condition, execution_date=20230215T000900, start_date=20230217T083340, end_date=20230217T083341
[2023-02-17 08:33:41,547] {taskinstance.py:1220} INFO - 0 downstream tasks scheduled from follow-on schedule check
[2023-02-17 08:33:41,593] {local_task_job.py:146} INFO - Task exited with return code 0
