[2023-02-17 08:34:45,405] {taskinstance.py:851} INFO - Dependencies all met for <TaskInstance: example_bash_operator.run_after_loop 2023-02-16T00:00:00+00:00 [queued]>
[2023-02-17 08:34:45,435] {taskinstance.py:851} INFO - Dependencies all met for <TaskInstance: example_bash_operator.run_after_loop 2023-02-16T00:00:00+00:00 [queued]>
[2023-02-17 08:34:45,436] {taskinstance.py:1042} INFO - 
--------------------------------------------------------------------------------
[2023-02-17 08:34:45,437] {taskinstance.py:1043} INFO - Starting attempt 1 of 1
[2023-02-17 08:34:45,437] {taskinstance.py:1044} INFO - 
--------------------------------------------------------------------------------
[2023-02-17 08:34:45,454] {taskinstance.py:1063} INFO - Executing <Task(BashOperator): run_after_loop> on 2023-02-16T00:00:00+00:00
[2023-02-17 08:34:45,462] {standard_task_runner.py:52} INFO - Started process 1951 to run task
[2023-02-17 08:34:45,469] {standard_task_runner.py:76} INFO - Running: ['airflow', 'tasks', 'run', 'example_bash_operator', 'run_after_loop', '2023-02-16T00:00:00+00:00', '--job-id', '61', '--pool', 'default_pool', '--raw', '--subdir', '/home/airflow/.local/lib/python3.6/site-packages/airflow/example_dags/example_bash_operator.py', '--cfg-path', '/tmp/tmphtsbtibk', '--error-file', '/tmp/tmp7mcxenyc']
[2023-02-17 08:34:45,475] {standard_task_runner.py:77} INFO - Job 61: Subtask run_after_loop
[2023-02-17 08:34:45,588] {logging_mixin.py:104} INFO - Running <TaskInstance: example_bash_operator.run_after_loop 2023-02-16T00:00:00+00:00 [running]> on host a39de0034eff
[2023-02-17 08:34:45,689] {taskinstance.py:1257} INFO - Exporting the following env vars:
AIRFLOW_CTX_DAG_OWNER=airflow
AIRFLOW_CTX_DAG_ID=example_bash_operator
AIRFLOW_CTX_TASK_ID=run_after_loop
AIRFLOW_CTX_EXECUTION_DATE=2023-02-16T00:00:00+00:00
AIRFLOW_CTX_DAG_RUN_ID=scheduled__2023-02-16T00:00:00+00:00
[2023-02-17 08:34:45,691] {bash.py:135} INFO - Tmp dir root location: 
 /tmp
[2023-02-17 08:34:45,693] {bash.py:158} INFO - Running command: echo 1
[2023-02-17 08:34:45,706] {bash.py:169} INFO - Output:
[2023-02-17 08:34:45,708] {bash.py:173} INFO - 1
[2023-02-17 08:34:45,709] {bash.py:177} INFO - Command exited with return code 0
[2023-02-17 08:34:45,757] {taskinstance.py:1166} INFO - Marking task as SUCCESS. dag_id=example_bash_operator, task_id=run_after_loop, execution_date=20230216T000000, start_date=20230217T083445, end_date=20230217T083445
[2023-02-17 08:34:46,809] {taskinstance.py:1220} INFO - 1 downstream tasks scheduled from follow-on schedule check
[2023-02-17 08:34:46,846] {local_task_job.py:146} INFO - Task exited with return code 0
