[2023-02-17 08:34:55,252] {taskinstance.py:851} INFO - Dependencies all met for <TaskInstance: example_branch_dop_operator_v3.condition 2023-02-15T00:40:00+00:00 [queued]>
[2023-02-17 08:34:55,316] {taskinstance.py:851} INFO - Dependencies all met for <TaskInstance: example_branch_dop_operator_v3.condition 2023-02-15T00:40:00+00:00 [queued]>
[2023-02-17 08:34:55,317] {taskinstance.py:1042} INFO - 
--------------------------------------------------------------------------------
[2023-02-17 08:34:55,318] {taskinstance.py:1043} INFO - Starting attempt 1 of 1
[2023-02-17 08:34:55,318] {taskinstance.py:1044} INFO - 
--------------------------------------------------------------------------------
[2023-02-17 08:34:55,336] {taskinstance.py:1063} INFO - Executing <Task(BranchPythonOperator): condition> on 2023-02-15T00:40:00+00:00
[2023-02-17 08:34:55,341] {standard_task_runner.py:52} INFO - Started process 1963 to run task
[2023-02-17 08:34:55,348] {standard_task_runner.py:76} INFO - Running: ['airflow', 'tasks', 'run', 'example_branch_dop_operator_v3', 'condition', '2023-02-15T00:40:00+00:00', '--job-id', '67', '--pool', 'default_pool', '--raw', '--subdir', '/home/airflow/.local/lib/python3.6/site-packages/airflow/example_dags/example_branch_python_dop_operator_3.py', '--cfg-path', '/tmp/tmpm87n58xh', '--error-file', '/tmp/tmp4zmw9r3v']
[2023-02-17 08:34:55,353] {standard_task_runner.py:77} INFO - Job 67: Subtask condition
[2023-02-17 08:34:55,452] {logging_mixin.py:104} INFO - Running <TaskInstance: example_branch_dop_operator_v3.condition 2023-02-15T00:40:00+00:00 [running]> on host a39de0034eff
[2023-02-17 08:34:55,603] {taskinstance.py:1257} INFO - Exporting the following env vars:
AIRFLOW_CTX_DAG_OWNER=airflow
AIRFLOW_CTX_DAG_ID=example_branch_dop_operator_v3
AIRFLOW_CTX_TASK_ID=condition
AIRFLOW_CTX_EXECUTION_DATE=2023-02-15T00:40:00+00:00
AIRFLOW_CTX_DAG_RUN_ID=scheduled__2023-02-15T00:40:00+00:00
[2023-02-17 08:34:55,606] {logging_mixin.py:104} INFO - ------------- exec dttm = 2023-02-15T00:40:00+00:00 and minute = 40
[2023-02-17 08:34:55,607] {python.py:118} INFO - Done. Returned value was: dummy_task_1
[2023-02-17 08:34:55,608] {skipmixin.py:124} INFO - Following branch dummy_task_1
[2023-02-17 08:34:55,625] {skipmixin.py:155} INFO - Skipping tasks ['dummy_task_2']
[2023-02-17 08:34:55,711] {taskinstance.py:1166} INFO - Marking task as SUCCESS. dag_id=example_branch_dop_operator_v3, task_id=condition, execution_date=20230215T004000, start_date=20230217T083455, end_date=20230217T083455
[2023-02-17 08:34:56,226] {taskinstance.py:1220} INFO - 0 downstream tasks scheduled from follow-on schedule check
[2023-02-17 08:34:56,244] {local_task_job.py:146} INFO - Task exited with return code 0
