[2023-02-17 08:34:33,439] {taskinstance.py:851} INFO - Dependencies all met for <TaskInstance: example_bash_operator.runme_0 2023-02-15T00:00:00+00:00 [queued]>
[2023-02-17 08:34:33,570] {taskinstance.py:851} INFO - Dependencies all met for <TaskInstance: example_bash_operator.runme_0 2023-02-15T00:00:00+00:00 [queued]>
[2023-02-17 08:34:33,572] {taskinstance.py:1042} INFO - 
--------------------------------------------------------------------------------
[2023-02-17 08:34:33,578] {taskinstance.py:1043} INFO - Starting attempt 1 of 1
[2023-02-17 08:34:33,583] {taskinstance.py:1044} INFO - 
--------------------------------------------------------------------------------
[2023-02-17 08:34:33,642] {taskinstance.py:1063} INFO - Executing <Task(BashOperator): runme_0> on 2023-02-15T00:00:00+00:00
[2023-02-17 08:34:33,672] {standard_task_runner.py:52} INFO - Started process 1806 to run task
[2023-02-17 08:34:33,684] {standard_task_runner.py:76} INFO - Running: ['airflow', 'tasks', 'run', 'example_bash_operator', 'runme_0', '2023-02-15T00:00:00+00:00', '--job-id', '52', '--pool', 'default_pool', '--raw', '--subdir', '/home/airflow/.local/lib/python3.6/site-packages/airflow/example_dags/example_bash_operator.py', '--cfg-path', '/tmp/tmp21n6yq2v', '--error-file', '/tmp/tmplgw65inl']
[2023-02-17 08:34:33,694] {standard_task_runner.py:77} INFO - Job 52: Subtask runme_0
[2023-02-17 08:34:33,990] {logging_mixin.py:104} INFO - Running <TaskInstance: example_bash_operator.runme_0 2023-02-15T00:00:00+00:00 [running]> on host a39de0034eff
[2023-02-17 08:34:34,229] {taskinstance.py:1257} INFO - Exporting the following env vars:
AIRFLOW_CTX_DAG_OWNER=airflow
AIRFLOW_CTX_DAG_ID=example_bash_operator
AIRFLOW_CTX_TASK_ID=runme_0
AIRFLOW_CTX_EXECUTION_DATE=2023-02-15T00:00:00+00:00
AIRFLOW_CTX_DAG_RUN_ID=scheduled__2023-02-15T00:00:00+00:00
[2023-02-17 08:34:34,241] {bash.py:135} INFO - Tmp dir root location: 
 /tmp
[2023-02-17 08:34:34,275] {bash.py:158} INFO - Running command: echo "example_bash_operator__runme_0__20230215" && sleep 1
[2023-02-17 08:34:34,451] {bash.py:169} INFO - Output:
[2023-02-17 08:34:35,601] {bash.py:173} INFO - example_bash_operator__runme_0__20230215
[2023-02-17 08:34:36,701] {bash.py:177} INFO - Command exited with return code 0
[2023-02-17 08:34:36,930] {taskinstance.py:1166} INFO - Marking task as SUCCESS. dag_id=example_bash_operator, task_id=runme_0, execution_date=20230215T000000, start_date=20230217T083433, end_date=20230217T083436
[2023-02-17 08:34:39,669] {taskinstance.py:1220} INFO - 0 downstream tasks scheduled from follow-on schedule check
[2023-02-17 08:34:40,230] {local_task_job.py:146} INFO - Task exited with return code 0
