[2023-02-17 08:34:38,474] {taskinstance.py:851} INFO - Dependencies all met for <TaskInstance: example_bash_operator.also_run_this 2023-02-16T00:00:00+00:00 [queued]>
[2023-02-17 08:34:39,584] {taskinstance.py:851} INFO - Dependencies all met for <TaskInstance: example_bash_operator.also_run_this 2023-02-16T00:00:00+00:00 [queued]>
[2023-02-17 08:34:39,585] {taskinstance.py:1042} INFO - 
--------------------------------------------------------------------------------
[2023-02-17 08:34:39,586] {taskinstance.py:1043} INFO - Starting attempt 1 of 1
[2023-02-17 08:34:39,586] {taskinstance.py:1044} INFO - 
--------------------------------------------------------------------------------
[2023-02-17 08:34:39,680] {taskinstance.py:1063} INFO - Executing <Task(BashOperator): also_run_this> on 2023-02-16T00:00:00+00:00
[2023-02-17 08:34:39,869] {standard_task_runner.py:52} INFO - Started process 1861 to run task
[2023-02-17 08:34:39,883] {standard_task_runner.py:76} INFO - Running: ['airflow', 'tasks', 'run', 'example_bash_operator', 'also_run_this', '2023-02-16T00:00:00+00:00', '--job-id', '57', '--pool', 'default_pool', '--raw', '--subdir', '/home/airflow/.local/lib/python3.6/site-packages/airflow/example_dags/example_bash_operator.py', '--cfg-path', '/tmp/tmpnhq4ga9k', '--error-file', '/tmp/tmpfk60cpyo']
[2023-02-17 08:34:39,889] {standard_task_runner.py:77} INFO - Job 57: Subtask also_run_this
[2023-02-17 08:34:40,649] {logging_mixin.py:104} INFO - Running <TaskInstance: example_bash_operator.also_run_this 2023-02-16T00:00:00+00:00 [running]> on host a39de0034eff
[2023-02-17 08:34:41,003] {taskinstance.py:1257} INFO - Exporting the following env vars:
AIRFLOW_CTX_DAG_OWNER=airflow
AIRFLOW_CTX_DAG_ID=example_bash_operator
AIRFLOW_CTX_TASK_ID=also_run_this
AIRFLOW_CTX_EXECUTION_DATE=2023-02-16T00:00:00+00:00
AIRFLOW_CTX_DAG_RUN_ID=scheduled__2023-02-16T00:00:00+00:00
[2023-02-17 08:34:41,005] {bash.py:135} INFO - Tmp dir root location: 
 /tmp
[2023-02-17 08:34:41,035] {bash.py:158} INFO - Running command: echo "run_id=scheduled__2023-02-16T00:00:00+00:00 | dag_run=<DagRun example_bash_operator @ 2023-02-16 00:00:00+00:00: scheduled__2023-02-16T00:00:00+00:00, externally triggered: False>"
[2023-02-17 08:34:41,058] {bash.py:169} INFO - Output:
[2023-02-17 08:34:41,061] {bash.py:173} INFO - run_id=scheduled__2023-02-16T00:00:00+00:00 | dag_run=<DagRun example_bash_operator @ 2023-02-16 00:00:00+00:00: scheduled__2023-02-16T00:00:00+00:00, externally triggered: False>
[2023-02-17 08:34:41,063] {bash.py:177} INFO - Command exited with return code 0
[2023-02-17 08:34:41,143] {taskinstance.py:1166} INFO - Marking task as SUCCESS. dag_id=example_bash_operator, task_id=also_run_this, execution_date=20230216T000000, start_date=20230217T083438, end_date=20230217T083441
[2023-02-17 08:34:42,361] {taskinstance.py:1220} INFO - 0 downstream tasks scheduled from follow-on schedule check
[2023-02-17 08:34:42,385] {local_task_job.py:146} INFO - Task exited with return code 0
