[2023-02-17 08:34:37,270] {taskinstance.py:851} INFO - Dependencies all met for <TaskInstance: example_bash_operator.runme_0 2023-02-16T00:00:00+00:00 [queued]>
[2023-02-17 08:34:37,517] {taskinstance.py:851} INFO - Dependencies all met for <TaskInstance: example_bash_operator.runme_0 2023-02-16T00:00:00+00:00 [queued]>
[2023-02-17 08:34:38,228] {taskinstance.py:1042} INFO - 
--------------------------------------------------------------------------------
[2023-02-17 08:34:38,230] {taskinstance.py:1043} INFO - Starting attempt 1 of 1
[2023-02-17 08:34:38,231] {taskinstance.py:1044} INFO - 
--------------------------------------------------------------------------------
[2023-02-17 08:34:38,268] {taskinstance.py:1063} INFO - Executing <Task(BashOperator): runme_0> on 2023-02-16T00:00:00+00:00
[2023-02-17 08:34:38,283] {standard_task_runner.py:52} INFO - Started process 1853 to run task
[2023-02-17 08:34:38,293] {standard_task_runner.py:76} INFO - Running: ['airflow', 'tasks', 'run', 'example_bash_operator', 'runme_0', '2023-02-16T00:00:00+00:00', '--job-id', '55', '--pool', 'default_pool', '--raw', '--subdir', '/home/airflow/.local/lib/python3.6/site-packages/airflow/example_dags/example_bash_operator.py', '--cfg-path', '/tmp/tmp93giy2jk', '--error-file', '/tmp/tmp5we2q56w']
[2023-02-17 08:34:38,434] {standard_task_runner.py:77} INFO - Job 55: Subtask runme_0
[2023-02-17 08:34:40,071] {logging_mixin.py:104} INFO - Running <TaskInstance: example_bash_operator.runme_0 2023-02-16T00:00:00+00:00 [running]> on host a39de0034eff
[2023-02-17 08:34:40,636] {taskinstance.py:1257} INFO - Exporting the following env vars:
AIRFLOW_CTX_DAG_OWNER=airflow
AIRFLOW_CTX_DAG_ID=example_bash_operator
AIRFLOW_CTX_TASK_ID=runme_0
AIRFLOW_CTX_EXECUTION_DATE=2023-02-16T00:00:00+00:00
AIRFLOW_CTX_DAG_RUN_ID=scheduled__2023-02-16T00:00:00+00:00
[2023-02-17 08:34:40,659] {bash.py:135} INFO - Tmp dir root location: 
 /tmp
[2023-02-17 08:34:40,702] {bash.py:158} INFO - Running command: echo "example_bash_operator__runme_0__20230216" && sleep 1
[2023-02-17 08:34:40,770] {bash.py:169} INFO - Output:
[2023-02-17 08:34:40,798] {bash.py:173} INFO - example_bash_operator__runme_0__20230216
[2023-02-17 08:34:41,801] {bash.py:177} INFO - Command exited with return code 0
[2023-02-17 08:34:41,884] {taskinstance.py:1166} INFO - Marking task as SUCCESS. dag_id=example_bash_operator, task_id=runme_0, execution_date=20230216T000000, start_date=20230217T083437, end_date=20230217T083441
[2023-02-17 08:34:42,388] {taskinstance.py:1220} INFO - 1 downstream tasks scheduled from follow-on schedule check
[2023-02-17 08:34:42,438] {local_task_job.py:146} INFO - Task exited with return code 0
